<?xml version="1.0" encoding="UTF-8"?>
<!-- Generated by org.testng.reporters.JUnitReportReporter -->
<testsuite hostname="LAPTOP-HP3GFEN9" failures="0" tests="1" name="LoginTest.LogintestcasesTest" time="12.465" errors="0" timestamp="2024-02-11T20:38:15 IST" skipped="0">
  <testcase classname="LoginTest.LogintestcasesTest" name="loginit" time="12.465"/>
  <system-out/>
</testsuite> <!-- LoginTest.LogintestcasesTest -->
