<?xml version="1.0" encoding="UTF-8"?>
<!-- Generated by org.testng.reporters.JUnitReportReporter -->
<testsuite hostname="LAPTOP-HP3GFEN9" failures="0" tests="1" name="LoginTest.Logintestcases" time="6.693" errors="0" timestamp="2024-02-10T17:46:53 IST" skipped="0">
  <testcase classname="LoginTest.Logintestcases" name="loginit" time="6.693"/>
  <system-out/>
</testsuite> <!-- LoginTest.Logintestcases -->
